# JRE version: OpenJDK Runtime Environment Temurin-21.0.7+6 (21.0.7+6) (build 21.0.7+6-LTS)
# Java VM: OpenJDK 64-Bit Server VM Temurin-21.0.7+6 (21.0.7+6-LTS, mixed mode, sharing, tiered, compressed oops, compressed class ptrs, parallel gc, windows-amd64)
GC Precious Log:
 CardTable entry size: 512
 CPUs: 2 total, 2 available
 Memory: 3918M
 Large Page Support: Disabled
 NUMA Support: Disabled
 Compressed Oops: Enabled (32-bit)
 Alignments: Space 512K, Generation 512K, Heap 2M
 Heap Min Capacity: 100M
 Heap Initial Capacity: 100M
 Heap Max Capacity: 1G
 Pre-touch: Disabled
 Parallel Workers: 2
Heap:
 PSYoungGen      total 22528K, used 2926K [0x00000000eab00000, 0x00000000ec380000, 0x0000000100000000)
  eden space 20992K, 6% used [0x00000000eab00000,0x00000000eac5e378,0x00000000ebf80000)
  from space 1536K, 99% used [0x00000000ebf80000,0x00000000ec0fd868,0x00000000ec100000)
  to   space 2048K, 0% used [0x00000000ec180000,0x00000000ec180000,0x00000000ec380000)
 ParOldGen       total 68608K, used 31612K [0x00000000c0000000, 0x00000000c4300000, 0x00000000eab00000)
  object space 68608K, 46% used [0x00000000c0000000,0x00000000c1edf260,0x00000000c4300000)
 Metaspace       used 42365K, committed 43392K, reserved 1114112K
  class space    used 4135K, committed 4608K, reserved 1048576K
GC Heap History (20 events):
Event: 114.200 GC heap before
{Heap before GC invocations=16 (full 1):
 PSYoungGen      total 23040K, used 22852K [0x00000000eab00000, 0x00000000ec480000, 0x0000000100000000)
  eden space 20992K, 100% used [0x00000000eab00000,0x00000000ebf80000,0x00000000ebf80000)
  from space 2048K, 90% used [0x00000000ec280000,0x00000000ec451000,0x00000000ec480000)
  to   space 2560K, 0% used [0x00000000ebf80000,0x00000000ebf80000,0x00000000ec200000)
 ParOldGen       total 68608K, used 22330K [0x00000000c0000000, 0x00000000c4300000, 0x00000000eab00000)
  object space 68608K, 32% used [0x00000000c0000000,0x00000000c15ce9e8,0x00000000c4300000)
 Metaspace       used 32570K, committed 33536K, reserved 1114112K
  class space    used 3180K, committed 3648K, reserved 1048576K
}
Event: 114.212 GC heap after
{Heap after GC invocations=16 (full 1):
 PSYoungGen      total 23552K, used 2112K [0x00000000eab00000, 0x00000000ec480000, 0x0000000100000000)
  eden space 20992K, 0% used [0x00000000eab00000,0x00000000eab00000,0x00000000ebf80000)
  from space 2560K, 82% used [0x00000000ebf80000,0x00000000ec190010,0x00000000ec200000)
  to   space 2560K, 0% used [0x00000000ec200000,0x00000000ec200000,0x00000000ec480000)
 ParOldGen       total 68608K, used 24168K [0x00000000c0000000, 0x00000000c4300000, 0x00000000eab00000)
  object space 68608K, 35% used [0x00000000c0000000,0x00000000c179a010,0x00000000c4300000)
 Metaspace       used 32570K, committed 33536K, reserved 1114112K
  class space    used 3180K, committed 3648K, reserved 1048576K
}
Event: 115.210 GC heap before
{Heap before GC invocations=17 (full 1):
 PSYoungGen      total 23552K, used 23104K [0x00000000eab00000, 0x00000000ec480000, 0x0000000100000000)
  eden space 20992K, 100% used [0x00000000eab00000,0x00000000ebf80000,0x00000000ebf80000)
  from space 2560K, 82% used [0x00000000ebf80000,0x00000000ec190010,0x00000000ec200000)
  to   space 2560K, 0% used [0x00000000ec200000,0x00000000ec200000,0x00000000ec480000)
 ParOldGen       total 68608K, used 24168K [0x00000000c0000000, 0x00000000c4300000, 0x00000000eab00000)
  object space 68608K, 35% used [0x00000000c0000000,0x00000000c179a010,0x00000000c4300000)
 Metaspace       used 32648K, committed 33600K, reserved 1114112K
  class space    used 3183K, committed 3648K, reserved 1048576K
}
Event: 115.228 GC heap after
{Heap after GC invocations=17 (full 1):
 PSYoungGen      total 23040K, used 1848K [0x00000000eab00000, 0x00000000ec400000, 0x0000000100000000)
  eden space 20992K, 0% used [0x00000000eab00000,0x00000000eab00000,0x00000000ebf80000)
  from space 2048K, 90% used [0x00000000ec200000,0x00000000ec3ce200,0x00000000ec400000)
  to   space 2048K, 0% used [0x00000000ec000000,0x00000000ec000000,0x00000000ec200000)
 ParOldGen       total 68608K, used 26264K [0x00000000c0000000, 0x00000000c4300000, 0x00000000eab00000)
  object space 68608K, 38% used [0x00000000c0000000,0x00000000c19a6020,0x00000000c4300000)
 Metaspace       used 32648K, committed 33600K, reserved 1114112K
  class space    used 3183K, committed 3648K, reserved 1048576K
}
Event: 120.678 GC heap before
{Heap before GC invocations=18 (full 1):
 PSYoungGen      total 23040K, used 22840K [0x00000000eab00000, 0x00000000ec400000, 0x0000000100000000)
  eden space 20992K, 100% used [0x00000000eab00000,0x00000000ebf80000,0x00000000ebf80000)
  from space 2048K, 90% used [0x00000000ec200000,0x00000000ec3ce200,0x00000000ec400000)
  to   space 2048K, 0% used [0x00000000ec000000,0x00000000ec000000,0x00000000ec200000)
 ParOldGen       total 68608K, used 26264K [0x00000000c0000000, 0x00000000c4300000, 0x00000000eab00000)
  object space 68608K, 38% used [0x00000000c0000000,0x00000000c19a6020,0x00000000c4300000)
 Metaspace       used 32961K, committed 33856K, reserved 1114112K
  class space    used 3221K, committed 3648K, reserved 1048576K
}
Event: 120.700 GC heap after
{Heap after GC invocations=18 (full 1):
 PSYoungGen      total 23040K, used 1664K [0x00000000eab00000, 0x00000000ec380000, 0x0000000100000000)
  eden space 20992K, 0% used [0x00000000eab00000,0x00000000eab00000,0x00000000ebf80000)
  from space 2048K, 81% used [0x00000000ec000000,0x00000000ec1a0020,0x00000000ec200000)
  to   space 1536K, 0% used [0x00000000ec200000,0x00000000ec200000,0x00000000ec380000)
 ParOldGen       total 68608K, used 28112K [0x00000000c0000000, 0x00000000c4300000, 0x00000000eab00000)
  object space 68608K, 40% used [0x00000000c0000000,0x00000000c1b74220,0x00000000c4300000)
 Metaspace       used 32961K, committed 33856K, reserved 1114112K
  class space    used 3221K, committed 3648K, reserved 1048576K
}
Event: 136.685 GC heap before
{Heap before GC invocations=19 (full 1):
 PSYoungGen      total 23040K, used 19091K [0x00000000eab00000, 0x00000000ec380000, 0x0000000100000000)
  eden space 20992K, 83% used [0x00000000eab00000,0x00000000ebc04f30,0x00000000ebf80000)
  from space 2048K, 81% used [0x00000000ec000000,0x00000000ec1a0020,0x00000000ec200000)
  to   space 1536K, 0% used [0x00000000ec200000,0x00000000ec200000,0x00000000ec380000)
 ParOldGen       total 68608K, used 28112K [0x00000000c0000000, 0x00000000c4300000, 0x00000000eab00000)
  object space 68608K, 40% used [0x00000000c0000000,0x00000000c1b74220,0x00000000c4300000)
 Metaspace       used 34973K, committed 35840K, reserved 1114112K
  class space    used 3438K, committed 3840K, reserved 1048576K
}
Event: 136.699 GC heap after
{Heap after GC invocations=19 (full 1):
 PSYoungGen      total 22016K, used 852K [0x00000000eab00000, 0x00000000ec300000, 0x0000000100000000)
  eden space 20992K, 0% used [0x00000000eab00000,0x00000000eab00000,0x00000000ebf80000)
  from space 1024K, 83% used [0x00000000ec200000,0x00000000ec2d53d8,0x00000000ec300000)
  to   space 1536K, 0% used [0x00000000ec000000,0x00000000ec000000,0x00000000ec180000)
 ParOldGen       total 68608K, used 29639K [0x00000000c0000000, 0x00000000c4300000, 0x00000000eab00000)
  object space 68608K, 43% used [0x00000000c0000000,0x00000000c1cf1dd8,0x00000000c4300000)
 Metaspace       used 34973K, committed 35840K, reserved 1114112K
  class space    used 3438K, committed 3840K, reserved 1048576K
}
Event: 136.699 GC heap before
{Heap before GC invocations=20 (full 2):
 PSYoungGen      total 22016K, used 852K [0x00000000eab00000, 0x00000000ec300000, 0x0000000100000000)
  eden space 20992K, 0% used [0x00000000eab00000,0x00000000eab00000,0x00000000ebf80000)
  from space 1024K, 83% used [0x00000000ec200000,0x00000000ec2d53d8,0x00000000ec300000)
  to   space 1536K, 0% used [0x00000000ec000000,0x00000000ec000000,0x00000000ec180000)
 ParOldGen       total 68608K, used 29639K [0x00000000c0000000, 0x00000000c4300000, 0x00000000eab00000)
  object space 68608K, 43% used [0x00000000c0000000,0x00000000c1cf1dd8,0x00000000c4300000)
 Metaspace       used 34973K, committed 35840K, reserved 1114112K
  class space    used 3438K, committed 3840K, reserved 1048576K
}
Event: 137.168 GC heap after
{Heap after GC invocations=20 (full 2):
 PSYoungGen      total 22016K, used 0K [0x00000000eab00000, 0x00000000ec300000, 0x0000000100000000)
  eden space 20992K, 0% used [0x00000000eab00000,0x00000000eab00000,0x00000000ebf80000)
  from space 1024K, 0% used [0x00000000ec200000,0x00000000ec200000,0x00000000ec300000)
  to   space 1536K, 0% used [0x00000000ec000000,0x00000000ec000000,0x00000000ec180000)
 ParOldGen       total 68608K, used 29391K [0x00000000c0000000, 0x00000000c4300000, 0x00000000eab00000)
  object space 68608K, 42% used [0x00000000c0000000,0x00000000c1cb3e98,0x00000000c4300000)
 Metaspace       used 34924K, committed 35840K, reserved 1114112K
  class space    used 3424K, committed 3840K, reserved 1048576K
}
Event: 145.959 GC heap before
{Heap before GC invocations=21 (full 2):
 PSYoungGen      total 22016K, used 20955K [0x00000000eab00000, 0x00000000ec300000, 0x0000000100000000)
  eden space 20992K, 99% used [0x00000000eab00000,0x00000000ebf76f00,0x00000000ebf80000)
  from space 1024K, 0% used [0x00000000ec200000,0x00000000ec200000,0x00000000ec300000)
  to   space 1536K, 0% used [0x00000000ec000000,0x00000000ec000000,0x00000000ec180000)
 ParOldGen       total 68608K, used 29391K [0x00000000c0000000, 0x00000000c4300000, 0x00000000eab00000)
  object space 68608K, 42% used [0x00000000c0000000,0x00000000c1cb3e98,0x00000000c4300000)
 Metaspace       used 35945K, committed 36864K, reserved 1114112K
  class space    used 3539K, committed 3968K, reserved 1048576K
}
Event: 145.963 GC heap after
{Heap after GC invocations=21 (full 2):
 PSYoungGen      total 22528K, used 288K [0x00000000eab00000, 0x00000000ec280000, 0x0000000100000000)
  eden space 20992K, 0% used [0x00000000eab00000,0x00000000eab00000,0x00000000ebf80000)
  from space 1536K, 18% used [0x00000000ec000000,0x00000000ec048000,0x00000000ec180000)
  to   space 1024K, 0% used [0x00000000ec180000,0x00000000ec180000,0x00000000ec280000)
 ParOldGen       total 68608K, used 29399K [0x00000000c0000000, 0x00000000c4300000, 0x00000000eab00000)
  object space 68608K, 42% used [0x00000000c0000000,0x00000000c1cb5e98,0x00000000c4300000)
 Metaspace       used 35945K, committed 36864K, reserved 1114112K
  class space    used 3539K, committed 3968K, reserved 1048576K
}
Event: 147.876 GC heap before
{Heap before GC invocations=22 (full 2):
 PSYoungGen      total 22528K, used 21280K [0x00000000eab00000, 0x00000000ec280000, 0x0000000100000000)
  eden space 20992K, 100% used [0x00000000eab00000,0x00000000ebf80000,0x00000000ebf80000)
  from space 1536K, 18% used [0x00000000ec000000,0x00000000ec048000,0x00000000ec180000)
  to   space 1024K, 0% used [0x00000000ec180000,0x00000000ec180000,0x00000000ec280000)
 ParOldGen       total 68608K, used 29399K [0x00000000c0000000, 0x00000000c4300000, 0x00000000eab00000)
  object space 68608K, 42% used [0x00000000c0000000,0x00000000c1cb5e98,0x00000000c4300000)
 Metaspace       used 36635K, committed 37568K, reserved 1114112K
  class space    used 3585K, committed 4032K, reserved 1048576K
}
Event: 147.880 GC heap after
{Heap after GC invocations=22 (full 2):
 PSYoungGen      total 22016K, used 1000K [0x00000000eab00000, 0x00000000ec380000, 0x0000000100000000)
  eden space 20992K, 0% used [0x00000000eab00000,0x00000000eab00000,0x00000000ebf80000)
  from space 1024K, 97% used [0x00000000ec180000,0x00000000ec27a1f0,0x00000000ec280000)
  to   space 2048K, 0% used [0x00000000ebf80000,0x00000000ebf80000,0x00000000ec180000)
 ParOldGen       total 68608K, used 29975K [0x00000000c0000000, 0x00000000c4300000, 0x00000000eab00000)
  object space 68608K, 43% used [0x00000000c0000000,0x00000000c1d45e98,0x00000000c4300000)
 Metaspace       used 36635K, committed 37568K, reserved 1114112K
  class space    used 3585K, committed 4032K, reserved 1048576K
}
Event: 149.521 GC heap before
{Heap before GC invocations=23 (full 2):
 PSYoungGen      total 22016K, used 21992K [0x00000000eab00000, 0x00000000ec380000, 0x0000000100000000)
  eden space 20992K, 100% used [0x00000000eab00000,0x00000000ebf80000,0x00000000ebf80000)
  from space 1024K, 97% used [0x00000000ec180000,0x00000000ec27a1f0,0x00000000ec280000)
  to   space 2048K, 0% used [0x00000000ebf80000,0x00000000ebf80000,0x00000000ec180000)
 ParOldGen       total 68608K, used 29975K [0x00000000c0000000, 0x00000000c4300000, 0x00000000eab00000)
  object space 68608K, 43% used [0x00000000c0000000,0x00000000c1d45e98,0x00000000c4300000)
 Metaspace       used 36939K, committed 37952K, reserved 1114112K
  class space    used 3605K, committed 4096K, reserved 1048576K
}
Event: 149.525 GC heap after
{Heap after GC invocations=23 (full 2):
 PSYoungGen      total 21504K, used 96K [0x00000000eab00000, 0x00000000ec200000, 0x0000000100000000)
  eden space 20992K, 0% used [0x00000000eab00000,0x00000000eab00000,0x00000000ebf80000)
  from space 512K, 18% used [0x00000000ebf80000,0x00000000ebf98000,0x00000000ec000000)
  to   space 1024K, 0% used [0x00000000ec100000,0x00000000ec100000,0x00000000ec200000)
 ParOldGen       total 68608K, used 30611K [0x00000000c0000000, 0x00000000c4300000, 0x00000000eab00000)
  object space 68608K, 44% used [0x00000000c0000000,0x00000000c1de4d48,0x00000000c4300000)
 Metaspace       used 36939K, committed 37952K, reserved 1114112K
  class space    used 3605K, committed 4096K, reserved 1048576K
}
Event: 154.503 GC heap before
{Heap before GC invocations=24 (full 2):
 PSYoungGen      total 21504K, used 21088K [0x00000000eab00000, 0x00000000ec200000, 0x0000000100000000)
  eden space 20992K, 100% used [0x00000000eab00000,0x00000000ebf80000,0x00000000ebf80000)
  from space 512K, 18% used [0x00000000ebf80000,0x00000000ebf98000,0x00000000ec000000)
  to   space 1024K, 0% used [0x00000000ec100000,0x00000000ec100000,0x00000000ec200000)
 ParOldGen       total 68608K, used 30611K [0x00000000c0000000, 0x00000000c4300000, 0x00000000eab00000)
  object space 68608K, 44% used [0x00000000c0000000,0x00000000c1de4d48,0x00000000c4300000)
 Metaspace       used 40122K, committed 41152K, reserved 1114112K
  class space    used 3930K, committed 4416K, reserved 1048576K
}
Event: 154.510 GC heap after
{Heap after GC invocations=24 (full 2):
 PSYoungGen      total 22016K, used 1008K [0x00000000eab00000, 0x00000000ec280000, 0x0000000100000000)
  eden space 20992K, 0% used [0x00000000eab00000,0x00000000eab00000,0x00000000ebf80000)
  from space 1024K, 98% used [0x00000000ec100000,0x00000000ec1fc030,0x00000000ec200000)
  to   space 1536K, 0% used [0x00000000ebf80000,0x00000000ebf80000,0x00000000ec100000)
 ParOldGen       total 68608K, used 30707K [0x00000000c0000000, 0x00000000c4300000, 0x00000000eab00000)
  object space 68608K, 44% used [0x00000000c0000000,0x00000000c1dfcd48,0x00000000c4300000)
 Metaspace       used 40122K, committed 41152K, reserved 1114112K
  class space    used 3930K, committed 4416K, reserved 1048576K
}
Event: 317.952 GC heap before
{Heap before GC invocations=25 (full 2):
 PSYoungGen      total 22016K, used 22000K [0x00000000eab00000, 0x00000000ec280000, 0x0000000100000000)
  eden space 20992K, 100% used [0x00000000eab00000,0x00000000ebf80000,0x00000000ebf80000)
  from space 1024K, 98% used [0x00000000ec100000,0x00000000ec1fc030,0x00000000ec200000)
  to   space 1536K, 0% used [0x00000000ebf80000,0x00000000ebf80000,0x00000000ec100000)
 ParOldGen       total 68608K, used 30707K [0x00000000c0000000, 0x00000000c4300000, 0x00000000eab00000)
  object space 68608K, 44% used [0x00000000c0000000,0x00000000c1dfcd48,0x00000000c4300000)
 Metaspace       used 42149K, committed 43200K, reserved 1114112K
  class space    used 4128K, committed 4608K, reserved 1048576K
}
Event: 318.284 GC heap after
{Heap after GC invocations=25 (full 2):
 PSYoungGen      total 22528K, used 1526K [0x00000000eab00000, 0x00000000ec380000, 0x0000000100000000)
  eden space 20992K, 0% used [0x00000000eab00000,0x00000000eab00000,0x00000000ebf80000)
  from space 1536K, 99% used [0x00000000ebf80000,0x00000000ec0fd868,0x00000000ec100000)
  to   space 2048K, 0% used [0x00000000ec180000,0x00000000ec180000,0x00000000ec380000)
 ParOldGen       total 68608K, used 31612K [0x00000000c0000000, 0x00000000c4300000, 0x00000000eab00000)
  object space 68608K, 46% used [0x00000000c0000000,0x00000000c1edf260,0x00000000c4300000)
 Metaspace       used 42149K, committed 43200K, reserved 1114112K
  class space    used 4128K, committed 4608K, reserved 1048576K
}

